2018-03-09 01:05:51 INFO  root:18 -  Good Account 
2018-03-09 01:05:51 INFO  root:18 -  Regular 
2018-03-09 01:05:51 INFO  root:18 -  Good Account 
2018-03-09 01:05:51 INFO  root:18 -  Good Account 
2018-03-09 01:05:51 INFO  root:18 -  Regular 
2018-03-09 01:05:51 INFO  root:18 -  Good Account 
2018-03-09 01:05:51 INFO  root:18 -  set admin 
2018-03-09 01:05:51 INFO  root:18 -  Good Account 
2018-03-09 01:05:51 INFO  root:18 -  Regular 
2018-03-09 01:05:51 INFO  root:18 -  Added 
2018-03-09 01:05:51 INFO  root:18 -  Choice Selected 
2018-03-09 01:05:58 INFO  root:18 -  Good Account 
2018-03-09 01:05:58 INFO  root:18 -  Regular 
2018-03-09 01:05:58 INFO  root:18 -  Good Account 
2018-03-09 01:05:58 INFO  root:18 -  Good Account 
2018-03-09 01:05:58 INFO  root:18 -  Regular 
2018-03-09 01:05:58 INFO  root:18 -  Good Account 
2018-03-09 01:05:58 INFO  root:18 -  set admin 
2018-03-09 01:05:58 INFO  root:18 -  Good Account 
2018-03-09 01:05:58 INFO  root:18 -  Regular 
2018-03-09 01:05:58 INFO  root:18 -  Added 
2018-03-09 01:05:58 INFO  root:18 -  Choice Selected 
2018-03-09 01:06:55 INFO  root:18 -  Good Account 
2018-03-09 01:06:55 INFO  root:18 -  Regular 
2018-03-09 01:06:55 INFO  root:18 -  Good Account 
2018-03-09 01:06:55 INFO  root:18 -  Good Account 
2018-03-09 01:06:55 INFO  root:18 -  Regular 
2018-03-09 01:06:55 INFO  root:18 -  Good Account 
2018-03-09 01:06:55 INFO  root:18 -  set admin 
2018-03-09 01:06:55 INFO  root:18 -  Good Account 
2018-03-09 01:06:55 INFO  root:18 -  Regular 
2018-03-09 01:06:55 INFO  root:18 -  Added 
2018-03-09 01:06:55 INFO  root:18 -  Choice Selected 
2018-03-09 01:07:12 INFO  root:18 -  Good Account 
2018-03-09 01:07:13 INFO  root:18 -  Good Account 
2018-03-09 01:07:13 INFO  root:18 -  Regular 
2018-03-09 01:07:13 INFO  root:18 -  Good Account 
2018-03-09 01:07:13 INFO  root:18 -  User Locked 
2018-03-09 01:07:22 INFO  root:18 -  Good Account 
2018-03-09 01:07:22 INFO  root:18 -  Regular 
2018-03-09 01:07:22 INFO  root:18 -  Admin Accessed 
2018-03-09 01:07:22 INFO  root:18 -  Got locked user 
2018-03-09 01:07:22 INFO  root:18 -  Access granted 
2018-03-09 01:07:22 INFO  root:18 -  Access granted 
2018-03-09 01:07:22 INFO  root:18 -  Access granted 
2018-03-09 01:07:35 INFO  root:18 -  Good Account 
2018-03-09 01:07:35 INFO  root:18 -  Regular 
2018-03-09 01:07:35 INFO  root:18 -  Serialized 
2018-03-09 01:07:35 INFO  root:18 -  Got locked user 
2018-03-09 01:07:35 INFO  root:18 -  Access granted 
2018-03-09 01:07:35 INFO  root:18 -  Access granted 
2018-03-09 01:07:35 INFO  root:18 -  Access granted 
2018-03-09 01:07:35 INFO  root:18 -  Access granted 
2018-03-09 01:25:09 INFO  root:18 -  Good Account 
2018-03-09 01:25:09 INFO  root:18 -  Regular 
2018-03-09 01:25:09 INFO  root:18 -  Good Account 
2018-03-09 01:25:09 INFO  root:18 -  Good Account 
2018-03-09 01:25:09 INFO  root:18 -  Regular 
2018-03-09 01:25:09 INFO  root:18 -  Good Account 
2018-03-09 01:25:09 INFO  root:18 -  set admin 
2018-03-09 01:25:09 INFO  root:18 -  Good Account 
2018-03-09 01:25:09 INFO  root:18 -  Regular 
2018-03-09 01:25:09 INFO  root:18 -  Added 
2018-03-09 01:25:09 INFO  root:18 -  Choice Selected 
2018-03-09 01:25:23 INFO  root:18 -  Good Account 
2018-03-09 01:25:23 INFO  root:18 -  Regular 
2018-03-09 01:25:23 INFO  root:18 -  Good Account 
2018-03-09 01:25:23 INFO  root:18 -  Good Account 
2018-03-09 01:25:23 INFO  root:18 -  Regular 
2018-03-09 01:25:23 INFO  root:18 -  Good Account 
2018-03-09 01:25:23 INFO  root:18 -  set admin 
2018-03-09 01:25:23 INFO  root:18 -  Good Account 
2018-03-09 01:25:23 INFO  root:18 -  Regular 
2018-03-09 01:25:23 INFO  root:18 -  Added 
2018-03-09 01:25:23 INFO  root:18 -  Choice Selected 
