2018-03-10 14:34:55 INFO  root:18 -  Good Account 
2018-03-10 14:34:55 INFO  root:18 -  Regular 
2018-03-10 14:34:55 INFO  root:18 -  Good Account 
2018-03-10 14:34:55 INFO  root:18 -  Good Account 
2018-03-10 14:34:55 INFO  root:18 -  Regular 
2018-03-10 14:34:55 INFO  root:18 -  Good Account 
2018-03-10 14:34:55 INFO  root:18 -  set admin 
2018-03-10 14:34:55 INFO  root:18 -  Good Account 
2018-03-10 14:34:55 INFO  root:18 -  Regular 
2018-03-10 14:34:55 INFO  root:18 -  Added 
2018-03-10 14:34:55 INFO  root:18 -  Choice Selected 
2018-03-10 14:35:15 INFO  root:18 -  Good Account 
2018-03-10 14:35:15 INFO  root:18 -  Good Account 
2018-03-10 14:35:15 INFO  root:18 -  Regular 
2018-03-10 14:35:15 INFO  root:18 -  Good Account 
2018-03-10 14:35:15 INFO  root:18 -  User Locked 
2018-03-10 14:35:20 INFO  root:18 -  Good Account 
2018-03-10 14:35:20 INFO  root:18 -  Regular 
2018-03-10 14:35:20 INFO  root:18 -  Admin Accessed 
2018-03-10 14:35:20 INFO  root:18 -  Got locked user 
2018-03-10 14:35:20 INFO  root:18 -  Access granted 
2018-03-10 14:35:20 INFO  root:18 -  Access granted 
2018-03-10 14:35:20 INFO  root:18 -  Access granted 
2018-03-10 14:35:38 INFO  root:18 -  Good Account 
2018-03-10 14:35:38 INFO  root:18 -  Regular 
2018-03-10 14:35:38 INFO  root:18 -  Serialized 
2018-03-10 14:35:38 INFO  root:18 -  Got locked user 
2018-03-10 14:35:38 INFO  root:18 -  Access granted 
2018-03-10 14:35:38 INFO  root:18 -  Access granted 
2018-03-10 14:35:38 INFO  root:18 -  Access granted 
2018-03-10 14:35:38 INFO  root:18 -  Access granted 
2018-03-10 14:35:57 INFO  root:18 -  Balance is set 
2018-03-10 14:35:57 INFO  root:18 -  Deposit Good 
2018-03-10 14:36:15 INFO  root:18 -  Balance is set 
2018-03-10 14:36:15 INFO  root:18 -  Withdraw good 
2018-03-10 14:36:21 INFO  root:18 -  Reset Menu 
2018-03-10 14:36:21 INFO  root:18 -  Reset Menu 
2018-03-10 14:36:21 INFO  root:18 -  Reset Menu 
2018-03-10 14:36:21 INFO  root:18 -  Locked 
2018-03-10 14:36:21 INFO  root:18 -  approved 
2018-03-10 14:36:21 INFO  root:18 -  Account Created 
2018-03-10 14:36:21 INFO  root:18 -  Menu Reset 
2018-03-10 16:06:03 INFO  root:18 -  Good Account 
2018-03-10 16:06:03 INFO  root:18 -  Regular 
2018-03-10 16:06:03 INFO  root:18 -  Good Account 
2018-03-10 16:06:03 INFO  root:18 -  Good Account 
2018-03-10 16:06:03 INFO  root:18 -  Regular 
2018-03-10 16:06:03 INFO  root:18 -  Good Account 
2018-03-10 16:06:03 INFO  root:18 -  set admin 
2018-03-10 16:06:03 INFO  root:18 -  Good Account 
2018-03-10 16:06:03 INFO  root:18 -  Regular 
2018-03-10 16:06:03 INFO  root:18 -  Added 
2018-03-10 16:06:03 INFO  root:18 -  Choice Selected 
2018-03-10 16:08:06 INFO  root:18 -  Good Account 
2018-03-10 16:08:06 INFO  root:18 -  Regular 
2018-03-10 16:08:06 INFO  root:18 -  Good Account 
2018-03-10 16:08:06 INFO  root:18 -  Good Account 
2018-03-10 16:08:06 INFO  root:18 -  Regular 
2018-03-10 16:08:06 INFO  root:18 -  Good Account 
2018-03-10 16:08:06 INFO  root:18 -  set admin 
2018-03-10 16:08:06 INFO  root:18 -  Good Account 
2018-03-10 16:08:06 INFO  root:18 -  Regular 
2018-03-10 16:08:06 INFO  root:18 -  Added 
2018-03-10 16:08:06 INFO  root:18 -  Choice Selected 
2018-03-10 16:09:39 INFO  root:18 -  Good Account 
2018-03-10 16:09:39 INFO  root:18 -  Regular 
2018-03-10 16:09:39 INFO  root:18 -  Good Account 
2018-03-10 16:09:39 INFO  root:18 -  Good Account 
2018-03-10 16:09:39 INFO  root:18 -  Regular 
2018-03-10 16:09:39 INFO  root:18 -  Good Account 
2018-03-10 16:09:39 INFO  root:18 -  set admin 
2018-03-10 16:09:39 INFO  root:18 -  Good Account 
2018-03-10 16:09:39 INFO  root:18 -  Regular 
2018-03-10 16:09:39 INFO  root:18 -  Added 
2018-03-10 16:09:39 INFO  root:18 -  Choice Selected 
2018-03-10 16:11:07 INFO  root:18 -  Good Account 
2018-03-10 16:11:07 INFO  root:18 -  Regular 
2018-03-10 16:11:07 INFO  root:18 -  Good Account 
2018-03-10 16:11:07 INFO  root:18 -  Good Account 
2018-03-10 16:11:07 INFO  root:18 -  Regular 
2018-03-10 16:11:07 INFO  root:18 -  Good Account 
2018-03-10 16:11:07 INFO  root:18 -  set admin 
2018-03-10 16:11:07 INFO  root:18 -  Good Account 
2018-03-10 16:11:07 INFO  root:18 -  Regular 
2018-03-10 16:11:07 INFO  root:18 -  Added 
2018-03-10 16:11:07 INFO  root:18 -  Choice Selected 
2018-03-10 16:13:39 INFO  root:18 -  Good Account 
2018-03-10 16:13:39 INFO  root:18 -  Regular 
2018-03-10 16:13:39 INFO  root:18 -  Good Account 
2018-03-10 16:13:39 INFO  root:18 -  Good Account 
2018-03-10 16:13:39 INFO  root:18 -  Regular 
2018-03-10 16:13:39 INFO  root:18 -  Good Account 
2018-03-10 16:13:39 INFO  root:18 -  set admin 
2018-03-10 16:13:39 INFO  root:18 -  Good Account 
2018-03-10 16:13:39 INFO  root:18 -  Regular 
2018-03-10 16:13:39 INFO  root:18 -  Added 
2018-03-10 16:13:39 INFO  root:18 -  Choice Selected 
2018-03-10 16:19:41 INFO  root:18 -  Good Account 
2018-03-10 16:19:41 INFO  root:18 -  Regular 
2018-03-10 16:19:41 INFO  root:18 -  Good Account 
2018-03-10 16:19:41 INFO  root:18 -  Good Account 
2018-03-10 16:19:41 INFO  root:18 -  Regular 
2018-03-10 16:19:41 INFO  root:18 -  Good Account 
2018-03-10 16:19:41 INFO  root:18 -  set admin 
2018-03-10 16:19:41 INFO  root:18 -  Good Account 
2018-03-10 16:19:41 INFO  root:18 -  Regular 
2018-03-10 16:19:41 INFO  root:18 -  Added 
2018-03-10 16:19:41 INFO  root:18 -  Choice Selected 
2018-03-10 16:20:22 INFO  root:18 -  Good Account 
2018-03-10 16:20:22 INFO  root:18 -  Regular 
2018-03-10 16:20:22 INFO  root:18 -  Good Account 
2018-03-10 16:20:22 INFO  root:18 -  Good Account 
2018-03-10 16:20:22 INFO  root:18 -  Regular 
2018-03-10 16:20:22 INFO  root:18 -  Good Account 
2018-03-10 16:20:22 INFO  root:18 -  set admin 
2018-03-10 16:20:22 INFO  root:18 -  Good Account 
2018-03-10 16:20:22 INFO  root:18 -  Regular 
2018-03-10 16:20:22 INFO  root:18 -  Added 
2018-03-10 16:20:22 INFO  root:18 -  Choice Selected 
2018-03-10 16:21:51 INFO  root:18 -  Good Account 
2018-03-10 16:21:51 INFO  root:18 -  Regular 
2018-03-10 16:21:51 INFO  root:18 -  Good Account 
2018-03-10 16:21:51 INFO  root:18 -  Good Account 
2018-03-10 16:21:51 INFO  root:18 -  Regular 
2018-03-10 16:21:51 INFO  root:18 -  Good Account 
2018-03-10 16:21:51 INFO  root:18 -  set admin 
2018-03-10 16:21:51 INFO  root:18 -  Good Account 
2018-03-10 16:21:51 INFO  root:18 -  Regular 
2018-03-10 16:21:51 INFO  root:18 -  Added 
2018-03-10 16:21:51 INFO  root:18 -  Choice Selected 
2018-03-10 16:22:11 INFO  root:18 -  Good Account 
2018-03-10 16:22:11 INFO  root:18 -  Regular 
2018-03-10 16:22:11 INFO  root:18 -  Good Account 
2018-03-10 16:22:11 INFO  root:18 -  Good Account 
2018-03-10 16:22:11 INFO  root:18 -  Regular 
2018-03-10 16:22:11 INFO  root:18 -  Good Account 
2018-03-10 16:22:11 INFO  root:18 -  set admin 
2018-03-10 16:22:11 INFO  root:18 -  Good Account 
2018-03-10 16:22:11 INFO  root:18 -  Regular 
2018-03-10 16:22:11 INFO  root:18 -  Added 
2018-03-10 16:22:11 INFO  root:18 -  Choice Selected 
2018-03-10 16:23:30 INFO  root:18 -  Good Account 
2018-03-10 16:23:30 INFO  root:18 -  Regular 
2018-03-10 16:23:30 INFO  root:18 -  Good Account 
2018-03-10 16:23:30 INFO  root:18 -  Good Account 
2018-03-10 16:23:30 INFO  root:18 -  Regular 
2018-03-10 16:23:30 INFO  root:18 -  Good Account 
2018-03-10 16:23:30 INFO  root:18 -  set admin 
2018-03-10 16:23:30 INFO  root:18 -  Good Account 
2018-03-10 16:23:30 INFO  root:18 -  Regular 
2018-03-10 16:23:30 INFO  root:18 -  Added 
2018-03-10 16:23:30 INFO  root:18 -  Choice Selected 
2018-03-10 16:26:25 INFO  root:18 -  Good Account 
2018-03-10 16:26:25 INFO  root:18 -  Regular 
2018-03-10 16:26:25 INFO  root:18 -  Good Account 
2018-03-10 16:26:25 INFO  root:18 -  Good Account 
2018-03-10 16:26:25 INFO  root:18 -  Regular 
2018-03-10 16:26:25 INFO  root:18 -  Good Account 
2018-03-10 16:26:25 INFO  root:18 -  set admin 
2018-03-10 16:26:25 INFO  root:18 -  Good Account 
2018-03-10 16:26:25 INFO  root:18 -  Regular 
2018-03-10 16:26:25 INFO  root:18 -  Added 
2018-03-10 16:26:25 INFO  root:18 -  Choice Selected 
2018-03-10 16:28:26 INFO  root:18 -  Good Account 
2018-03-10 16:28:26 INFO  root:18 -  Regular 
2018-03-10 16:28:26 INFO  root:18 -  Good Account 
2018-03-10 16:28:26 INFO  root:18 -  Good Account 
2018-03-10 16:28:26 INFO  root:18 -  Regular 
2018-03-10 16:28:26 INFO  root:18 -  Good Account 
2018-03-10 16:28:26 INFO  root:18 -  set admin 
2018-03-10 16:28:26 INFO  root:18 -  Good Account 
2018-03-10 16:28:26 INFO  root:18 -  Regular 
2018-03-10 16:28:26 INFO  root:18 -  Added 
2018-03-10 16:28:26 INFO  root:18 -  Choice Selected 
2018-03-10 16:30:22 INFO  root:18 -  Good Account 
2018-03-10 16:30:22 INFO  root:18 -  Regular 
2018-03-10 16:30:22 INFO  root:18 -  Good Account 
2018-03-10 16:30:22 INFO  root:18 -  Good Account 
2018-03-10 16:30:22 INFO  root:18 -  Regular 
2018-03-10 16:30:22 INFO  root:18 -  Good Account 
2018-03-10 16:30:22 INFO  root:18 -  set admin 
2018-03-10 16:30:22 INFO  root:18 -  Good Account 
2018-03-10 16:30:22 INFO  root:18 -  Regular 
2018-03-10 16:30:22 INFO  root:18 -  Added 
2018-03-10 16:30:22 INFO  root:18 -  Choice Selected 
2018-03-10 16:33:53 INFO  root:18 -  Good Account 
2018-03-10 16:33:53 INFO  root:18 -  Regular 
2018-03-10 16:33:53 INFO  root:18 -  Good Account 
2018-03-10 16:33:53 INFO  root:18 -  Good Account 
2018-03-10 16:33:53 INFO  root:18 -  Regular 
2018-03-10 16:33:53 INFO  root:18 -  Good Account 
2018-03-10 16:33:53 INFO  root:18 -  set admin 
2018-03-10 16:33:53 INFO  root:18 -  Good Account 
2018-03-10 16:33:53 INFO  root:18 -  Regular 
2018-03-10 16:33:53 INFO  root:18 -  Added 
2018-03-10 16:33:53 INFO  root:18 -  Choice Selected 
2018-03-10 16:35:32 INFO  root:18 -  Good Account 
2018-03-10 16:35:32 INFO  root:18 -  Regular 
2018-03-10 16:35:32 INFO  root:18 -  Good Account 
2018-03-10 16:35:32 INFO  root:18 -  Good Account 
2018-03-10 16:35:32 INFO  root:18 -  Regular 
2018-03-10 16:35:32 INFO  root:18 -  Good Account 
2018-03-10 16:35:32 INFO  root:18 -  set admin 
2018-03-10 16:35:32 INFO  root:18 -  Good Account 
2018-03-10 16:35:32 INFO  root:18 -  Regular 
2018-03-10 16:35:32 INFO  root:18 -  Added 
2018-03-10 16:35:32 INFO  root:18 -  Choice Selected 
2018-03-10 16:41:23 INFO  root:18 -  Good Account 
2018-03-10 16:41:24 INFO  root:18 -  Regular 
2018-03-10 16:41:24 INFO  root:18 -  Good Account 
2018-03-10 16:41:24 INFO  root:18 -  Good Account 
2018-03-10 16:41:24 INFO  root:18 -  Regular 
2018-03-10 16:41:24 INFO  root:18 -  Good Account 
2018-03-10 16:41:24 INFO  root:18 -  set admin 
2018-03-10 16:41:24 INFO  root:18 -  Good Account 
2018-03-10 16:41:24 INFO  root:18 -  Regular 
2018-03-10 16:41:24 INFO  root:18 -  Added 
2018-03-10 16:41:24 INFO  root:18 -  Choice Selected 
2018-03-10 16:55:06 INFO  root:18 -  Good Account 
2018-03-10 16:55:06 INFO  root:18 -  Regular 
2018-03-10 16:55:06 INFO  root:18 -  Good Account 
2018-03-10 16:55:06 INFO  root:18 -  Good Account 
2018-03-10 16:55:06 INFO  root:18 -  Regular 
2018-03-10 16:55:06 INFO  root:18 -  Good Account 
2018-03-10 16:55:06 INFO  root:18 -  set admin 
2018-03-10 16:55:06 INFO  root:18 -  Good Account 
2018-03-10 16:55:06 INFO  root:18 -  Regular 
2018-03-10 16:55:06 INFO  root:18 -  Added 
2018-03-10 16:55:06 INFO  root:18 -  Choice Selected 
2018-03-10 16:59:05 INFO  root:18 -  Good Account 
2018-03-10 16:59:05 INFO  root:18 -  Regular 
2018-03-10 16:59:05 INFO  root:18 -  Good Account 
2018-03-10 16:59:06 INFO  root:18 -  Good Account 
2018-03-10 16:59:06 INFO  root:18 -  Regular 
2018-03-10 16:59:06 INFO  root:18 -  Good Account 
2018-03-10 16:59:06 INFO  root:18 -  set admin 
2018-03-10 16:59:06 INFO  root:18 -  Good Account 
2018-03-10 16:59:06 INFO  root:18 -  Regular 
2018-03-10 16:59:06 INFO  root:18 -  Added 
2018-03-10 16:59:06 INFO  root:18 -  Choice Selected 
2018-03-10 17:07:49 INFO  root:18 -  Good Account 
2018-03-10 17:07:49 INFO  root:18 -  Regular 
2018-03-10 17:07:49 INFO  root:18 -  Good Account 
2018-03-10 17:07:49 INFO  root:18 -  Good Account 
2018-03-10 17:07:49 INFO  root:18 -  Regular 
2018-03-10 17:07:49 INFO  root:18 -  Good Account 
2018-03-10 17:07:49 INFO  root:18 -  set admin 
2018-03-10 17:07:49 INFO  root:18 -  Good Account 
2018-03-10 17:07:49 INFO  root:18 -  Regular 
2018-03-10 17:07:49 INFO  root:18 -  Added 
2018-03-10 17:07:49 INFO  root:18 -  Choice Selected 
2018-03-10 17:20:27 INFO  root:18 -  Good Account 
2018-03-10 17:20:27 INFO  root:18 -  Regular 
2018-03-10 17:20:27 INFO  root:18 -  Good Account 
2018-03-10 17:20:27 INFO  root:18 -  Good Account 
2018-03-10 17:20:27 INFO  root:18 -  Regular 
2018-03-10 17:20:27 INFO  root:18 -  Good Account 
2018-03-10 17:20:27 INFO  root:18 -  set admin 
2018-03-10 17:20:27 INFO  root:18 -  Good Account 
2018-03-10 17:20:27 INFO  root:18 -  Regular 
2018-03-10 17:20:27 INFO  root:18 -  Added 
2018-03-10 17:20:27 INFO  root:18 -  Choice Selected 
2018-03-10 17:48:26 INFO  root:18 -  Good Account 
2018-03-10 17:48:26 INFO  root:18 -  Regular 
2018-03-10 17:48:26 INFO  root:18 -  Good Account 
2018-03-10 17:48:26 INFO  root:18 -  Good Account 
2018-03-10 17:48:26 INFO  root:18 -  Regular 
2018-03-10 17:48:26 INFO  root:18 -  Good Account 
2018-03-10 17:48:26 INFO  root:18 -  set admin 
2018-03-10 17:48:26 INFO  root:18 -  Good Account 
2018-03-10 17:48:26 INFO  root:18 -  Regular 
2018-03-10 17:48:26 INFO  root:18 -  Added 
2018-03-10 17:48:26 INFO  root:18 -  Choice Selected 
2018-03-10 17:49:19 INFO  root:18 -  Good Account 
2018-03-10 17:49:19 INFO  root:18 -  Regular 
2018-03-10 17:49:19 INFO  root:18 -  Good Account 
2018-03-10 17:49:19 INFO  root:18 -  Good Account 
2018-03-10 17:49:19 INFO  root:18 -  Regular 
2018-03-10 17:49:19 INFO  root:18 -  Good Account 
2018-03-10 17:49:19 INFO  root:18 -  set admin 
2018-03-10 17:49:19 INFO  root:18 -  Good Account 
2018-03-10 17:49:19 INFO  root:18 -  Regular 
2018-03-10 17:49:19 INFO  root:18 -  Added 
2018-03-10 17:49:19 INFO  root:18 -  Choice Selected 
2018-03-10 17:49:59 INFO  root:18 -  Good Account 
2018-03-10 17:49:59 INFO  root:18 -  Regular 
2018-03-10 17:49:59 INFO  root:18 -  Good Account 
2018-03-10 17:49:59 INFO  root:18 -  Good Account 
2018-03-10 17:49:59 INFO  root:18 -  Regular 
2018-03-10 17:49:59 INFO  root:18 -  Good Account 
2018-03-10 17:49:59 INFO  root:18 -  set admin 
2018-03-10 17:49:59 INFO  root:18 -  Good Account 
2018-03-10 17:49:59 INFO  root:18 -  Regular 
2018-03-10 17:49:59 INFO  root:18 -  Added 
2018-03-10 17:49:59 INFO  root:18 -  Choice Selected 
2018-03-10 17:50:22 INFO  root:18 -  Good Account 
2018-03-10 17:50:22 INFO  root:18 -  Regular 
2018-03-10 17:50:22 INFO  root:18 -  Good Account 
2018-03-10 17:50:22 INFO  root:18 -  Good Account 
2018-03-10 17:50:22 INFO  root:18 -  Regular 
2018-03-10 17:50:22 INFO  root:18 -  Good Account 
2018-03-10 17:50:22 INFO  root:18 -  set admin 
2018-03-10 17:50:22 INFO  root:18 -  Good Account 
2018-03-10 17:50:22 INFO  root:18 -  Regular 
2018-03-10 17:50:22 INFO  root:18 -  Added 
2018-03-10 17:50:22 INFO  root:18 -  Choice Selected 
2018-03-10 17:51:22 INFO  root:18 -  Good Account 
2018-03-10 17:51:22 INFO  root:18 -  Regular 
2018-03-10 17:51:22 INFO  root:18 -  Good Account 
2018-03-10 17:51:23 INFO  root:18 -  Good Account 
2018-03-10 17:51:23 INFO  root:18 -  Regular 
2018-03-10 17:51:23 INFO  root:18 -  Good Account 
2018-03-10 17:51:23 INFO  root:18 -  set admin 
2018-03-10 17:51:23 INFO  root:18 -  Good Account 
2018-03-10 17:51:23 INFO  root:18 -  Regular 
2018-03-10 17:51:23 INFO  root:18 -  Added 
2018-03-10 17:51:23 INFO  root:18 -  Choice Selected 
2018-03-10 17:52:10 INFO  root:18 -  Good Account 
2018-03-10 17:52:10 INFO  root:18 -  Regular 
2018-03-10 17:52:10 INFO  root:18 -  Good Account 
2018-03-10 17:52:10 INFO  root:18 -  Good Account 
2018-03-10 17:52:10 INFO  root:18 -  Regular 
2018-03-10 17:52:10 INFO  root:18 -  Good Account 
2018-03-10 17:52:10 INFO  root:18 -  set admin 
2018-03-10 17:52:10 INFO  root:18 -  Good Account 
2018-03-10 17:52:10 INFO  root:18 -  Regular 
2018-03-10 17:52:10 INFO  root:18 -  Added 
2018-03-10 17:52:10 INFO  root:18 -  Choice Selected 
2018-03-10 17:52:32 INFO  root:18 -  Good Account 
2018-03-10 17:52:32 INFO  root:18 -  Regular 
2018-03-10 17:52:32 INFO  root:18 -  Good Account 
2018-03-10 17:52:32 INFO  root:18 -  Good Account 
2018-03-10 17:52:32 INFO  root:18 -  Regular 
2018-03-10 17:52:32 INFO  root:18 -  Good Account 
2018-03-10 17:52:32 INFO  root:18 -  set admin 
2018-03-10 17:52:32 INFO  root:18 -  Good Account 
2018-03-10 17:52:32 INFO  root:18 -  Regular 
2018-03-10 17:52:32 INFO  root:18 -  Added 
2018-03-10 17:52:32 INFO  root:18 -  Choice Selected 
2018-03-10 17:53:45 INFO  root:18 -  Good Account 
2018-03-10 17:53:45 INFO  root:18 -  Regular 
2018-03-10 17:53:45 INFO  root:18 -  Good Account 
2018-03-10 17:53:45 INFO  root:18 -  Good Account 
2018-03-10 17:53:45 INFO  root:18 -  Regular 
2018-03-10 17:53:45 INFO  root:18 -  Good Account 
2018-03-10 17:53:45 INFO  root:18 -  set admin 
2018-03-10 17:53:45 INFO  root:18 -  Good Account 
2018-03-10 17:53:45 INFO  root:18 -  Regular 
2018-03-10 17:53:45 INFO  root:18 -  Added 
2018-03-10 17:53:45 INFO  root:18 -  Choice Selected 
2018-03-10 17:54:07 INFO  root:18 -  Good Account 
2018-03-10 17:54:07 INFO  root:18 -  Regular 
2018-03-10 17:54:07 INFO  root:18 -  Good Account 
2018-03-10 17:54:07 INFO  root:18 -  Good Account 
2018-03-10 17:54:07 INFO  root:18 -  Regular 
2018-03-10 17:54:07 INFO  root:18 -  Good Account 
2018-03-10 17:54:07 INFO  root:18 -  set admin 
2018-03-10 17:54:07 INFO  root:18 -  Good Account 
2018-03-10 17:54:07 INFO  root:18 -  Regular 
2018-03-10 17:54:07 INFO  root:18 -  Added 
2018-03-10 17:54:07 INFO  root:18 -  Choice Selected 
2018-03-10 17:56:30 INFO  root:18 -  Good Account 
2018-03-10 17:56:30 INFO  root:18 -  Regular 
2018-03-10 17:56:30 INFO  root:18 -  Good Account 
2018-03-10 17:56:30 INFO  root:18 -  Good Account 
2018-03-10 17:56:30 INFO  root:18 -  Regular 
2018-03-10 17:56:30 INFO  root:18 -  Good Account 
2018-03-10 17:56:30 INFO  root:18 -  set admin 
2018-03-10 17:56:30 INFO  root:18 -  Good Account 
2018-03-10 17:56:30 INFO  root:18 -  Regular 
2018-03-10 17:56:30 INFO  root:18 -  Added 
2018-03-10 17:56:30 INFO  root:18 -  Choice Selected 
2018-03-10 18:02:16 INFO  root:18 -  Good Account 
2018-03-10 18:02:16 INFO  root:18 -  Regular 
2018-03-10 18:02:16 INFO  root:18 -  Good Account 
2018-03-10 18:02:16 INFO  root:18 -  Good Account 
2018-03-10 18:02:16 INFO  root:18 -  Regular 
2018-03-10 18:02:16 INFO  root:18 -  Good Account 
2018-03-10 18:02:16 INFO  root:18 -  set admin 
2018-03-10 18:02:16 INFO  root:18 -  Good Account 
2018-03-10 18:02:16 INFO  root:18 -  Regular 
2018-03-10 18:02:16 INFO  root:18 -  Added 
2018-03-10 18:02:16 INFO  root:18 -  Choice Selected 
2018-03-10 18:09:42 INFO  root:18 -  Good Account 
2018-03-10 18:09:42 INFO  root:18 -  Regular 
2018-03-10 18:09:42 INFO  root:18 -  Good Account 
2018-03-10 18:09:42 INFO  root:18 -  Good Account 
2018-03-10 18:09:42 INFO  root:18 -  Regular 
2018-03-10 18:09:42 INFO  root:18 -  Good Account 
2018-03-10 18:09:42 INFO  root:18 -  set admin 
2018-03-10 18:09:42 INFO  root:18 -  Good Account 
2018-03-10 18:09:42 INFO  root:18 -  Regular 
2018-03-10 18:09:42 INFO  root:18 -  Added 
2018-03-10 18:09:42 INFO  root:18 -  Choice Selected 
2018-03-10 18:09:43 INFO  root:18 -  Good Account 
2018-03-10 18:09:43 INFO  root:18 -  Regular 
2018-03-10 18:09:43 INFO  root:18 -  Good Account 
2018-03-10 18:09:43 INFO  root:18 -  Good Account 
2018-03-10 18:09:43 INFO  root:18 -  Regular 
2018-03-10 18:09:43 INFO  root:18 -  Good Account 
2018-03-10 18:09:43 INFO  root:18 -  set admin 
2018-03-10 18:09:43 INFO  root:18 -  Good Account 
2018-03-10 18:09:43 INFO  root:18 -  Regular 
2018-03-10 18:09:43 INFO  root:18 -  Added 
2018-03-10 18:09:43 INFO  root:18 -  Choice Selected 
2018-03-10 18:13:42 INFO  root:18 -  Good Account 
2018-03-10 18:13:42 INFO  root:18 -  Regular 
2018-03-10 18:13:42 INFO  root:18 -  Good Account 
2018-03-10 18:13:42 INFO  root:18 -  Good Account 
2018-03-10 18:13:42 INFO  root:18 -  Regular 
2018-03-10 18:13:42 INFO  root:18 -  Good Account 
2018-03-10 18:13:42 INFO  root:18 -  set admin 
2018-03-10 18:13:42 INFO  root:18 -  Good Account 
2018-03-10 18:13:42 INFO  root:18 -  Regular 
2018-03-10 18:13:42 INFO  root:18 -  Added 
2018-03-10 18:13:42 INFO  root:18 -  Choice Selected 
2018-03-10 18:14:32 INFO  root:18 -  Good Account 
2018-03-10 18:14:32 INFO  root:18 -  Regular 
2018-03-10 18:14:32 INFO  root:18 -  Good Account 
2018-03-10 18:14:32 INFO  root:18 -  Good Account 
2018-03-10 18:14:32 INFO  root:18 -  Regular 
2018-03-10 18:14:32 INFO  root:18 -  Good Account 
2018-03-10 18:14:32 INFO  root:18 -  set admin 
2018-03-10 18:14:32 INFO  root:18 -  Good Account 
2018-03-10 18:14:32 INFO  root:18 -  Regular 
2018-03-10 18:14:32 INFO  root:18 -  Added 
2018-03-10 18:14:32 INFO  root:18 -  Choice Selected 
2018-03-10 18:23:06 INFO  root:18 -  Good Account 
2018-03-10 18:23:06 INFO  root:18 -  Regular 
2018-03-10 18:23:06 INFO  root:18 -  Good Account 
2018-03-10 18:23:06 INFO  root:18 -  Good Account 
2018-03-10 18:23:06 INFO  root:18 -  Regular 
2018-03-10 18:23:06 INFO  root:18 -  Good Account 
2018-03-10 18:23:06 INFO  root:18 -  set admin 
2018-03-10 18:23:06 INFO  root:18 -  Good Account 
2018-03-10 18:23:06 INFO  root:18 -  Regular 
2018-03-10 18:23:06 INFO  root:18 -  Added 
2018-03-10 18:23:06 INFO  root:18 -  Choice Selected 
2018-03-10 18:23:34 INFO  root:18 -  Good Account 
2018-03-10 18:23:34 INFO  root:18 -  Regular 
2018-03-10 18:23:34 INFO  root:18 -  Good Account 
2018-03-10 18:23:34 INFO  root:18 -  Good Account 
2018-03-10 18:23:34 INFO  root:18 -  Regular 
2018-03-10 18:23:34 INFO  root:18 -  Good Account 
2018-03-10 18:23:34 INFO  root:18 -  set admin 
2018-03-10 18:23:34 INFO  root:18 -  Good Account 
2018-03-10 18:23:34 INFO  root:18 -  Regular 
2018-03-10 18:23:34 INFO  root:18 -  Added 
2018-03-10 18:23:34 INFO  root:18 -  Choice Selected 
2018-03-10 18:24:33 INFO  root:18 -  Good Account 
2018-03-10 18:24:33 INFO  root:18 -  Regular 
2018-03-10 18:24:33 INFO  root:18 -  Good Account 
2018-03-10 18:24:33 INFO  root:18 -  Good Account 
2018-03-10 18:24:33 INFO  root:18 -  Regular 
2018-03-10 18:24:33 INFO  root:18 -  Good Account 
2018-03-10 18:24:33 INFO  root:18 -  set admin 
2018-03-10 18:24:33 INFO  root:18 -  Good Account 
2018-03-10 18:24:33 INFO  root:18 -  Regular 
2018-03-10 18:24:33 INFO  root:18 -  Added 
2018-03-10 18:24:33 INFO  root:18 -  Choice Selected 
2018-03-10 18:27:42 INFO  root:18 -  Good Account 
2018-03-10 18:27:42 INFO  root:18 -  Regular 
2018-03-10 18:27:42 INFO  root:18 -  Good Account 
2018-03-10 18:27:42 INFO  root:18 -  Good Account 
2018-03-10 18:27:42 INFO  root:18 -  Regular 
2018-03-10 18:27:42 INFO  root:18 -  Good Account 
2018-03-10 18:27:42 INFO  root:18 -  set admin 
2018-03-10 18:27:42 INFO  root:18 -  Good Account 
2018-03-10 18:27:42 INFO  root:18 -  Regular 
2018-03-10 18:27:42 INFO  root:18 -  Added 
2018-03-10 18:27:42 INFO  root:18 -  Choice Selected 
2018-03-10 18:31:55 INFO  root:18 -  Good Account 
2018-03-10 18:31:55 INFO  root:18 -  Regular 
2018-03-10 18:31:55 INFO  root:18 -  Good Account 
2018-03-10 18:31:55 INFO  root:18 -  Good Account 
2018-03-10 18:31:55 INFO  root:18 -  Regular 
2018-03-10 18:31:55 INFO  root:18 -  Good Account 
2018-03-10 18:31:55 INFO  root:18 -  set admin 
2018-03-10 18:31:55 INFO  root:18 -  Good Account 
2018-03-10 18:31:55 INFO  root:18 -  Regular 
2018-03-10 18:31:55 INFO  root:18 -  Added 
2018-03-10 18:31:55 INFO  root:18 -  Choice Selected 
2018-03-10 18:34:32 INFO  root:18 -  Good Account 
2018-03-10 18:34:32 INFO  root:18 -  Regular 
2018-03-10 18:34:32 INFO  root:18 -  Good Account 
2018-03-10 18:34:32 INFO  root:18 -  Good Account 
2018-03-10 18:34:32 INFO  root:18 -  Regular 
2018-03-10 18:34:32 INFO  root:18 -  Good Account 
2018-03-10 18:34:32 INFO  root:18 -  set admin 
2018-03-10 18:34:32 INFO  root:18 -  Good Account 
2018-03-10 18:34:32 INFO  root:18 -  Regular 
2018-03-10 18:34:32 INFO  root:18 -  Added 
2018-03-10 18:34:32 INFO  root:18 -  Choice Selected 
2018-03-10 18:36:39 INFO  root:18 -  Good Account 
2018-03-10 18:36:39 INFO  root:18 -  Regular 
2018-03-10 18:36:39 INFO  root:18 -  Good Account 
2018-03-10 18:36:39 INFO  root:18 -  Good Account 
2018-03-10 18:36:39 INFO  root:18 -  Regular 
2018-03-10 18:36:39 INFO  root:18 -  Good Account 
2018-03-10 18:36:39 INFO  root:18 -  set admin 
2018-03-10 18:36:39 INFO  root:18 -  Good Account 
2018-03-10 18:36:39 INFO  root:18 -  Regular 
2018-03-10 18:36:39 INFO  root:18 -  Added 
2018-03-10 18:36:39 INFO  root:18 -  Choice Selected 
2018-03-10 18:44:31 INFO  root:18 -  Good Account 
2018-03-10 18:44:31 INFO  root:18 -  Regular 
2018-03-10 18:44:31 INFO  root:18 -  Good Account 
2018-03-10 18:44:31 INFO  root:18 -  Good Account 
2018-03-10 18:44:31 INFO  root:18 -  Regular 
2018-03-10 18:44:31 INFO  root:18 -  Good Account 
2018-03-10 18:44:31 INFO  root:18 -  set admin 
2018-03-10 18:44:31 INFO  root:18 -  Good Account 
2018-03-10 18:44:31 INFO  root:18 -  Regular 
2018-03-10 18:44:31 INFO  root:18 -  Added 
2018-03-10 18:44:31 INFO  root:18 -  Choice Selected 
2018-03-10 19:13:23 INFO  root:18 -  Good Account 
2018-03-10 19:13:23 INFO  root:18 -  Regular 
2018-03-10 19:13:23 INFO  root:18 -  Good Account 
2018-03-10 19:13:23 INFO  root:18 -  Good Account 
2018-03-10 19:13:23 INFO  root:18 -  Regular 
2018-03-10 19:13:23 INFO  root:18 -  Good Account 
2018-03-10 19:13:23 INFO  root:18 -  set admin 
2018-03-10 19:13:23 INFO  root:18 -  Good Account 
2018-03-10 19:13:23 INFO  root:18 -  Regular 
2018-03-10 19:13:23 INFO  root:18 -  Added 
2018-03-10 19:13:23 INFO  root:18 -  Choice Selected 
2018-03-10 19:15:39 INFO  root:18 -  Good Account 
2018-03-10 19:15:39 INFO  root:18 -  Regular 
2018-03-10 19:15:39 INFO  root:18 -  Good Account 
2018-03-10 19:15:39 INFO  root:18 -  Good Account 
2018-03-10 19:15:39 INFO  root:18 -  Regular 
2018-03-10 19:15:39 INFO  root:18 -  Good Account 
2018-03-10 19:15:39 INFO  root:18 -  set admin 
2018-03-10 19:15:39 INFO  root:18 -  Good Account 
2018-03-10 19:15:39 INFO  root:18 -  Regular 
2018-03-10 19:15:39 INFO  root:18 -  Added 
2018-03-10 19:15:39 INFO  root:18 -  Choice Selected 
2018-03-10 19:17:43 INFO  root:18 -  Good Account 
2018-03-10 19:17:43 INFO  root:18 -  Regular 
2018-03-10 19:17:43 INFO  root:18 -  Good Account 
2018-03-10 19:17:43 INFO  root:18 -  Good Account 
2018-03-10 19:17:43 INFO  root:18 -  Regular 
2018-03-10 19:17:43 INFO  root:18 -  Good Account 
2018-03-10 19:17:43 INFO  root:18 -  set admin 
2018-03-10 19:17:43 INFO  root:18 -  Good Account 
2018-03-10 19:17:43 INFO  root:18 -  Regular 
2018-03-10 19:17:43 INFO  root:18 -  Added 
2018-03-10 19:17:43 INFO  root:18 -  Choice Selected 
2018-03-10 19:18:24 INFO  root:18 -  Good Account 
2018-03-10 19:18:24 INFO  root:18 -  Good Account 
2018-03-10 19:18:24 INFO  root:18 -  Regular 
2018-03-10 19:18:24 INFO  root:18 -  Good Account 
2018-03-10 19:18:24 INFO  root:18 -  User Locked 
2018-03-10 19:18:33 INFO  root:18 -  Good Account 
2018-03-10 19:18:33 INFO  root:18 -  Regular 
2018-03-10 19:18:33 INFO  root:18 -  Admin Accessed 
2018-03-10 19:18:33 INFO  root:18 -  Got locked user 
2018-03-10 19:18:33 INFO  root:18 -  Access granted 
2018-03-10 19:18:33 INFO  root:18 -  Access granted 
2018-03-10 19:18:33 INFO  root:18 -  Access granted 
2018-03-10 19:18:51 INFO  root:18 -  Good Account 
2018-03-10 19:18:51 INFO  root:18 -  Regular 
2018-03-10 19:18:51 INFO  root:18 -  Serialized 
2018-03-10 19:18:51 INFO  root:18 -  Got locked user 
2018-03-10 19:18:51 INFO  root:18 -  Access granted 
2018-03-10 19:18:51 INFO  root:18 -  Access granted 
2018-03-10 19:18:51 INFO  root:18 -  Access granted 
2018-03-10 19:18:51 INFO  root:18 -  Access granted 
2018-03-10 19:19:25 INFO  root:18 -  Balance is set 
2018-03-10 19:19:25 INFO  root:18 -  Deposit Good 
2018-03-10 19:19:34 INFO  root:18 -  Reset Menu 
2018-03-10 19:19:34 INFO  root:18 -  Reset Menu 
2018-03-10 19:19:34 INFO  root:18 -  Locked 
2018-03-10 19:19:34 INFO  root:18 -  approved 
2018-03-10 19:19:34 INFO  root:18 -  Account Created 
2018-03-10 19:19:34 INFO  root:18 -  Menu Reset 
2018-03-10 19:19:59 INFO  root:18 -  Good Account 
2018-03-10 19:19:59 INFO  root:18 -  Regular 
2018-03-10 19:19:59 INFO  root:18 -  Good Account 
2018-03-10 19:19:59 INFO  root:18 -  Good Account 
2018-03-10 19:19:59 INFO  root:18 -  Regular 
2018-03-10 19:19:59 INFO  root:18 -  Good Account 
2018-03-10 19:19:59 INFO  root:18 -  set admin 
2018-03-10 19:19:59 INFO  root:18 -  Good Account 
2018-03-10 19:19:59 INFO  root:18 -  Regular 
2018-03-10 19:19:59 INFO  root:18 -  Added 
2018-03-10 19:19:59 INFO  root:18 -  Choice Selected 
2018-03-10 19:20:20 INFO  root:18 -  Good Account 
2018-03-10 19:20:20 INFO  root:18 -  Good Account 
2018-03-10 19:20:20 INFO  root:18 -  Regular 
2018-03-10 19:20:20 INFO  root:18 -  Good Account 
2018-03-10 19:20:20 INFO  root:18 -  User Locked 
2018-03-10 19:20:24 INFO  root:18 -  Good Account 
2018-03-10 19:20:24 INFO  root:18 -  Regular 
2018-03-10 19:20:24 INFO  root:18 -  Admin Accessed 
2018-03-10 19:20:24 INFO  root:18 -  Got locked user 
2018-03-10 19:20:24 INFO  root:18 -  Access granted 
2018-03-10 19:20:24 INFO  root:18 -  Access granted 
2018-03-10 19:20:24 INFO  root:18 -  Access granted 
2018-03-10 19:20:36 INFO  root:18 -  Good Account 
2018-03-10 19:20:36 INFO  root:18 -  Regular 
2018-03-10 19:20:36 INFO  root:18 -  Serialized 
2018-03-10 19:20:36 INFO  root:18 -  Got locked user 
2018-03-10 19:20:36 INFO  root:18 -  Access granted 
2018-03-10 19:20:36 INFO  root:18 -  Access granted 
2018-03-10 19:20:36 INFO  root:18 -  Access granted 
2018-03-10 19:20:36 INFO  root:18 -  Access granted 
2018-03-10 19:21:04 INFO  root:18 -  Balance is set 
2018-03-10 19:21:04 INFO  root:18 -  Deposit Good 
2018-03-10 19:21:09 INFO  root:18 -  Reset Menu 
2018-03-10 19:21:09 INFO  root:18 -  Reset Menu 
2018-03-10 19:21:09 INFO  root:18 -  Locked 
2018-03-10 19:21:09 INFO  root:18 -  approved 
2018-03-10 19:21:09 INFO  root:18 -  Account Created 
2018-03-10 19:21:09 INFO  root:18 -  Menu Reset 
2018-03-10 19:21:24 INFO  root:18 -  Good Account 
2018-03-10 19:21:24 INFO  root:18 -  Regular 
2018-03-10 19:21:24 INFO  root:18 -  Good Account 
2018-03-10 19:21:24 INFO  root:18 -  Good Account 
2018-03-10 19:21:24 INFO  root:18 -  Regular 
2018-03-10 19:21:24 INFO  root:18 -  Good Account 
2018-03-10 19:21:24 INFO  root:18 -  set admin 
2018-03-10 19:21:24 INFO  root:18 -  Good Account 
2018-03-10 19:21:24 INFO  root:18 -  Regular 
2018-03-10 19:21:24 INFO  root:18 -  Added 
2018-03-10 19:21:24 INFO  root:18 -  Choice Selected 
2018-03-10 19:22:27 INFO  root:18 -  Good Account 
2018-03-10 19:22:27 INFO  root:18 -  Good Account 
2018-03-10 19:22:27 INFO  root:18 -  Regular 
2018-03-10 19:22:27 INFO  root:18 -  Good Account 
2018-03-10 19:22:27 INFO  root:18 -  User Locked 
2018-03-10 19:22:32 INFO  root:18 -  Good Account 
2018-03-10 19:22:32 INFO  root:18 -  Regular 
2018-03-10 19:22:32 INFO  root:18 -  Admin Accessed 
2018-03-10 19:22:32 INFO  root:18 -  Got locked user 
2018-03-10 19:22:32 INFO  root:18 -  Access granted 
2018-03-10 19:22:32 INFO  root:18 -  Access granted 
2018-03-10 19:22:32 INFO  root:18 -  Access granted 
2018-03-10 19:23:11 INFO  root:18 -  Good Account 
2018-03-10 19:23:11 INFO  root:18 -  Regular 
2018-03-10 19:23:11 INFO  root:18 -  Serialized 
2018-03-10 19:23:11 INFO  root:18 -  Got locked user 
2018-03-10 19:23:11 INFO  root:18 -  Access granted 
2018-03-10 19:23:11 INFO  root:18 -  Access granted 
2018-03-10 19:23:11 INFO  root:18 -  Access granted 
2018-03-10 19:23:11 INFO  root:18 -  Access granted 
2018-03-10 19:23:51 INFO  root:18 -  Balance is set 
2018-03-10 19:23:51 INFO  root:18 -  Deposit Good 
2018-03-10 19:24:01 INFO  root:18 -  Balance is set 
2018-03-10 19:24:01 INFO  root:18 -  Withdraw good 
2018-03-10 19:24:08 INFO  root:18 -  Reset Menu 
2018-03-10 19:24:08 INFO  root:18 -  Reset Menu 
2018-03-10 19:24:08 INFO  root:18 -  Reset Menu 
2018-03-10 19:24:08 INFO  root:18 -  Locked 
2018-03-10 19:24:08 INFO  root:18 -  approved 
2018-03-10 19:24:08 INFO  root:18 -  Account Created 
2018-03-10 19:24:08 INFO  root:18 -  Menu Reset 
2018-03-10 19:29:13 INFO  root:18 -  Good Account 
2018-03-10 19:29:13 INFO  root:18 -  Regular 
2018-03-10 19:29:13 INFO  root:18 -  Good Account 
2018-03-10 19:29:13 INFO  root:18 -  Good Account 
2018-03-10 19:29:13 INFO  root:18 -  Regular 
2018-03-10 19:29:13 INFO  root:18 -  Good Account 
2018-03-10 19:29:13 INFO  root:18 -  set admin 
2018-03-10 19:29:13 INFO  root:18 -  Good Account 
2018-03-10 19:29:13 INFO  root:18 -  Regular 
2018-03-10 19:29:13 INFO  root:18 -  Added 
2018-03-10 19:29:13 INFO  root:18 -  Choice Selected 
2018-03-11 18:36:16 INFO  root:18 -  Good Account 
2018-03-11 18:36:16 INFO  root:18 -  Regular 
2018-03-11 18:36:16 INFO  root:18 -  Good Account 
2018-03-11 18:36:16 INFO  root:18 -  Good Account 
2018-03-11 18:36:16 INFO  root:18 -  Regular 
2018-03-11 18:36:16 INFO  root:18 -  Good Account 
2018-03-11 18:36:16 INFO  root:18 -  set admin 
2018-03-11 18:36:16 INFO  root:18 -  Good Account 
2018-03-11 18:36:16 INFO  root:18 -  Regular 
2018-03-11 18:36:16 INFO  root:18 -  Added 
2018-03-11 18:36:16 INFO  root:18 -  Choice Selected 
2018-03-12 16:15:22 INFO  root:18 -  Good Account 
2018-03-12 16:15:22 INFO  root:18 -  Regular 
2018-03-12 16:15:22 INFO  root:18 -  Good Account 
2018-03-12 16:15:22 INFO  root:18 -  Good Account 
2018-03-12 16:15:22 INFO  root:18 -  Regular 
2018-03-12 16:15:22 INFO  root:18 -  Good Account 
2018-03-12 16:15:22 INFO  root:18 -  set admin 
2018-03-12 16:15:22 INFO  root:18 -  Good Account 
2018-03-12 16:15:22 INFO  root:18 -  Regular 
2018-03-12 16:15:22 INFO  root:18 -  Added 
2018-03-12 16:15:22 INFO  root:18 -  Choice Selected 
2018-03-12 16:21:03 INFO  root:18 -  Good Account 
2018-03-12 16:21:03 INFO  root:18 -  Regular 
2018-03-12 16:21:03 INFO  root:18 -  Good Account 
2018-03-12 16:21:03 INFO  root:18 -  Good Account 
2018-03-12 16:21:03 INFO  root:18 -  Regular 
2018-03-12 16:21:03 INFO  root:18 -  Good Account 
2018-03-12 16:21:03 INFO  root:18 -  set admin 
2018-03-12 16:21:03 INFO  root:18 -  Good Account 
2018-03-12 16:21:03 INFO  root:18 -  Regular 
2018-03-12 16:21:03 INFO  root:18 -  Added 
2018-03-12 16:21:03 INFO  root:18 -  Choice Selected 
2018-03-12 16:29:15 INFO  root:18 -  Good Account 
2018-03-12 16:29:15 INFO  root:18 -  Regular 
2018-03-12 16:29:15 INFO  root:18 -  Good Account 
2018-03-12 16:29:15 INFO  root:18 -  Good Account 
2018-03-12 16:29:15 INFO  root:18 -  Regular 
2018-03-12 16:29:15 INFO  root:18 -  Good Account 
2018-03-12 16:29:15 INFO  root:18 -  set admin 
2018-03-12 16:29:15 INFO  root:18 -  Good Account 
2018-03-12 16:29:15 INFO  root:18 -  Regular 
2018-03-12 16:29:15 INFO  root:18 -  Added 
2018-03-12 16:29:15 INFO  root:18 -  Choice Selected 
2018-03-12 16:30:16 INFO  root:18 -  Good Account 
2018-03-12 16:30:16 INFO  root:18 -  Regular 
2018-03-12 16:30:16 INFO  root:18 -  Good Account 
2018-03-12 16:30:16 INFO  root:18 -  Good Account 
2018-03-12 16:30:16 INFO  root:18 -  Regular 
2018-03-12 16:30:16 INFO  root:18 -  Good Account 
2018-03-12 16:30:16 INFO  root:18 -  set admin 
2018-03-12 16:30:16 INFO  root:18 -  Good Account 
2018-03-12 16:30:16 INFO  root:18 -  Regular 
2018-03-12 16:30:16 INFO  root:18 -  Added 
2018-03-12 16:30:16 INFO  root:18 -  Choice Selected 
2018-03-12 16:31:38 INFO  root:18 -  Good Account 
2018-03-12 16:31:38 INFO  root:18 -  Regular 
2018-03-12 16:31:38 INFO  root:18 -  Good Account 
2018-03-12 16:31:38 INFO  root:18 -  Good Account 
2018-03-12 16:31:38 INFO  root:18 -  Regular 
2018-03-12 16:31:38 INFO  root:18 -  Good Account 
2018-03-12 16:31:38 INFO  root:18 -  set admin 
2018-03-12 16:31:38 INFO  root:18 -  Good Account 
2018-03-12 16:31:38 INFO  root:18 -  Regular 
2018-03-12 16:31:38 INFO  root:18 -  Added 
2018-03-12 16:31:38 INFO  root:18 -  Choice Selected 
2018-03-12 16:32:01 INFO  root:18 -  Good Account 
2018-03-12 16:32:01 INFO  root:18 -  Regular 
2018-03-12 16:32:01 INFO  root:18 -  Good Account 
2018-03-12 16:32:01 INFO  root:18 -  Good Account 
2018-03-12 16:32:01 INFO  root:18 -  Regular 
2018-03-12 16:32:01 INFO  root:18 -  Good Account 
2018-03-12 16:32:01 INFO  root:18 -  set admin 
2018-03-12 16:32:01 INFO  root:18 -  Good Account 
2018-03-12 16:32:01 INFO  root:18 -  Regular 
2018-03-12 16:32:01 INFO  root:18 -  Added 
2018-03-12 16:32:01 INFO  root:18 -  Choice Selected 
